Traceback (most recent call last):
  File "C:\Users\User\anaconda3\lib\site-packages\jupyter_cache\executors\utils.py", line 51, in single_nb_execution
    executenb(
  File "C:\Users\User\anaconda3\lib\site-packages\nbclient\client.py", line 1204, in execute
    return NotebookClient(nb=nb, resources=resources, km=km, **kwargs).execute()
  File "C:\Users\User\anaconda3\lib\site-packages\nbclient\util.py", line 84, in wrapped
    return just_run(coro(*args, **kwargs))
  File "C:\Users\User\anaconda3\lib\site-packages\nbclient\util.py", line 62, in just_run
    return loop.run_until_complete(coro)
  File "C:\Users\User\anaconda3\lib\asyncio\base_events.py", line 647, in run_until_complete
    return future.result()
  File "C:\Users\User\anaconda3\lib\site-packages\nbclient\client.py", line 663, in async_execute
    await self.async_execute_cell(
  File "C:\Users\User\anaconda3\lib\site-packages\nbclient\client.py", line 965, in async_execute_cell
    await self._check_raise_for_error(cell, cell_index, exec_reply)
  File "C:\Users\User\anaconda3\lib\site-packages\nbclient\client.py", line 862, in _check_raise_for_error
    raise CellExecutionError.from_cell_and_msg(cell, exec_reply_content)
nbclient.exceptions.CellExecutionError: An error occurred while executing the following cell:
------------------
# Reshaping Y variable
Y_vec = Y.reshape( Y.size, 1)

# Scalar distribution
scaler = StandardScaler()
scaler.fit( Y_vec )
std_Y = scaler.transform( Y_vec )

# Regressions
fit_lasso_cv = LassoCV(cv = 10 , random_state = 0 , normalize = True ).fit( X, std_Y )
fit_ridge = ElasticNetCV( cv = 10 , normalize = True , random_state = 0 , l1_ratio = 0.0001 ).fit( X, std_Y )
fit_elnet = ElasticNetCV( cv = 10 , normalize = True , random_state = 0 , l1_ratio = 0.5, max_iter = 100000 ).fit( X, std_Y )

# Predictions
yhat_lasso_cv = scaler.inverse_transform( fit_lasso_cv.predict( X ) )
yhat_ridge = scaler.inverse_transform( fit_ridge.predict( X ) )
yhat_elnet = scaler.inverse_transform( fit_elnet.predict( X ) )
------------------

[1;31m---------------------------------------------------------------------------[0m
[1;31mValueError[0m                                Traceback (most recent call last)
Input [1;32mIn [4][0m, in [0;36m<cell line: 15>[1;34m()[0m
[0;32m     12[0m fit_elnet [38;5;241m=[39m ElasticNetCV( cv [38;5;241m=[39m [38;5;241m10[39m , normalize [38;5;241m=[39m [38;5;28;01mTrue[39;00m , random_state [38;5;241m=[39m [38;5;241m0[39m , l1_ratio [38;5;241m=[39m [38;5;241m0.5[39m, max_iter [38;5;241m=[39m [38;5;241m100000[39m )[38;5;241m.[39mfit( X, std_Y )
[0;32m     14[0m [38;5;66;03m# Predictions[39;00m
[1;32m---> 15[0m yhat_lasso_cv [38;5;241m=[39m [43mscaler[49m[38;5;241;43m.[39;49m[43minverse_transform[49m[43m([49m[43m [49m[43mfit_lasso_cv[49m[38;5;241;43m.[39;49m[43mpredict[49m[43m([49m[43m [49m[43mX[49m[43m [49m[43m)[49m[43m [49m[43m)[49m
[0;32m     16[0m yhat_ridge [38;5;241m=[39m scaler[38;5;241m.[39minverse_transform( fit_ridge[38;5;241m.[39mpredict( X ) )
[0;32m     17[0m yhat_elnet [38;5;241m=[39m scaler[38;5;241m.[39minverse_transform( fit_elnet[38;5;241m.[39mpredict( X ) )

File [1;32m~\anaconda3\lib\site-packages\sklearn\preprocessing\_data.py:1016[0m, in [0;36mStandardScaler.inverse_transform[1;34m(self, X, copy)[0m
[0;32m   1013[0m check_is_fitted([38;5;28mself[39m)
[0;32m   1015[0m copy [38;5;241m=[39m copy [38;5;28;01mif[39;00m copy [38;5;129;01mis[39;00m [38;5;129;01mnot[39;00m [38;5;28;01mNone[39;00m [38;5;28;01melse[39;00m [38;5;28mself[39m[38;5;241m.[39mcopy
[1;32m-> 1016[0m X [38;5;241m=[39m [43mcheck_array[49m[43m([49m
[0;32m   1017[0m [43m    [49m[43mX[49m[43m,[49m
[0;32m   1018[0m [43m    [49m[43maccept_sparse[49m[38;5;241;43m=[39;49m[38;5;124;43m"[39;49m[38;5;124;43mcsr[39;49m[38;5;124;43m"[39;49m[43m,[49m
[0;32m   1019[0m [43m    [49m[43mcopy[49m[38;5;241;43m=[39;49m[43mcopy[49m[43m,[49m
[0;32m   1020[0m [43m    [49m[43mestimator[49m[38;5;241;43m=[39;49m[38;5;28;43mself[39;49m[43m,[49m
[0;32m   1021[0m [43m    [49m[43mdtype[49m[38;5;241;43m=[39;49m[43mFLOAT_DTYPES[49m[43m,[49m
[0;32m   1022[0m [43m    [49m[43mforce_all_finite[49m[38;5;241;43m=[39;49m[38;5;124;43m"[39;49m[38;5;124;43mallow-nan[39;49m[38;5;124;43m"[39;49m[43m,[49m
[0;32m   1023[0m [43m[49m[43m)[49m
[0;32m   1025[0m [38;5;28;01mif[39;00m sparse[38;5;241m.[39missparse(X):
[0;32m   1026[0m     [38;5;28;01mif[39;00m [38;5;28mself[39m[38;5;241m.[39mwith_mean:

File [1;32m~\anaconda3\lib\site-packages\sklearn\utils\validation.py:769[0m, in [0;36mcheck_array[1;34m(array, accept_sparse, accept_large_sparse, dtype, order, copy, force_all_finite, ensure_2d, allow_nd, ensure_min_samples, ensure_min_features, estimator)[0m
[0;32m    767[0m     [38;5;66;03m# If input is 1D raise error[39;00m
[0;32m    768[0m     [38;5;28;01mif[39;00m array[38;5;241m.[39mndim [38;5;241m==[39m [38;5;241m1[39m:
[1;32m--> 769[0m         [38;5;28;01mraise[39;00m [38;5;167;01mValueError[39;00m(
[0;32m    770[0m             [38;5;124m"[39m[38;5;124mExpected 2D array, got 1D array instead:[39m[38;5;130;01m\n[39;00m[38;5;124marray=[39m[38;5;132;01m{}[39;00m[38;5;124m.[39m[38;5;130;01m\n[39;00m[38;5;124m"[39m
[0;32m    771[0m             [38;5;124m"[39m[38;5;124mReshape your data either using array.reshape(-1, 1) if [39m[38;5;124m"[39m
[0;32m    772[0m             [38;5;124m"[39m[38;5;124myour data has a single feature or array.reshape(1, -1) [39m[38;5;124m"[39m
[0;32m    773[0m             [38;5;124m"[39m[38;5;124mif it contains a single sample.[39m[38;5;124m"[39m[38;5;241m.[39mformat(array)
[0;32m    774[0m         )
[0;32m    776[0m [38;5;66;03m# make sure we actually converted to numeric:[39;00m
[0;32m    777[0m [38;5;28;01mif[39;00m dtype_numeric [38;5;129;01mand[39;00m array[38;5;241m.[39mdtype[38;5;241m.[39mkind [38;5;129;01min[39;00m [38;5;124m"[39m[38;5;124mOUSV[39m[38;5;124m"[39m:

[1;31mValueError[0m: Expected 2D array, got 1D array instead:
array=[ 0.70263397 -0.85529579 -0.11903396  0.54158714 -0.28544002  0.09387488
  0.45323994 -0.65379671 -0.27720001 -0.53776853 -0.70369274  0.92438799
 -0.26428226 -0.48130816 -0.80651369 -0.41704138 -0.64034927 -0.60258341
 -0.30741328  1.26706398  0.89948041 -0.26413166 -0.70983113 -0.54330597
 -0.4458095   1.22086891 -0.24824367 -0.70988553  1.45488652  1.66126941
 -0.56525351  0.14373404 -0.13741373  0.1475467  -0.701455    0.47003119
 -0.63134765 -0.5968665  -0.92880713 -0.67243398  1.21336714 -0.40275404
 -0.56475239  1.20189279  1.01386819 -0.75715519 -0.47498221  0.0800444
 -0.78781852 -0.41110089  1.6384034   1.64066203  1.2073429  -0.7206332
  0.89127287 -0.5374069   0.63714047  0.21607593  0.22358293 -0.67758625
 -0.2457354  -0.50969416 -0.69491585 -0.00722833 -0.31881608  0.68217966
 -0.74543507  0.10653095 -0.53450575 -0.22805309 -0.57144749 -0.77742394
 -0.68273459 -0.74347842  1.65486774  0.46638578  0.4789607  -0.36285815
  0.41907884  1.97077997  0.78103833 -0.63784448 -0.03246531 -0.49837268
 -0.1824353  -0.58039109  1.64365325  1.17006269  1.18390254 -0.70429494
 -0.37306354 -0.73898091 -0.52505532  1.1445073  -0.27878429 -0.35981616
 -0.38890358 -0.64940004 -0.58904963  0.7556715 ].
Reshape your data either using array.reshape(-1, 1) if your data has a single feature or array.reshape(1, -1) if it contains a single sample.
ValueError: Expected 2D array, got 1D array instead:
array=[ 0.70263397 -0.85529579 -0.11903396  0.54158714 -0.28544002  0.09387488
  0.45323994 -0.65379671 -0.27720001 -0.53776853 -0.70369274  0.92438799
 -0.26428226 -0.48130816 -0.80651369 -0.41704138 -0.64034927 -0.60258341
 -0.30741328  1.26706398  0.89948041 -0.26413166 -0.70983113 -0.54330597
 -0.4458095   1.22086891 -0.24824367 -0.70988553  1.45488652  1.66126941
 -0.56525351  0.14373404 -0.13741373  0.1475467  -0.701455    0.47003119
 -0.63134765 -0.5968665  -0.92880713 -0.67243398  1.21336714 -0.40275404
 -0.56475239  1.20189279  1.01386819 -0.75715519 -0.47498221  0.0800444
 -0.78781852 -0.41110089  1.6384034   1.64066203  1.2073429  -0.7206332
  0.89127287 -0.5374069   0.63714047  0.21607593  0.22358293 -0.67758625
 -0.2457354  -0.50969416 -0.69491585 -0.00722833 -0.31881608  0.68217966
 -0.74543507  0.10653095 -0.53450575 -0.22805309 -0.57144749 -0.77742394
 -0.68273459 -0.74347842  1.65486774  0.46638578  0.4789607  -0.36285815
  0.41907884  1.97077997  0.78103833 -0.63784448 -0.03246531 -0.49837268
 -0.1824353  -0.58039109  1.64365325  1.17006269  1.18390254 -0.70429494
 -0.37306354 -0.73898091 -0.52505532  1.1445073  -0.27878429 -0.35981616
 -0.38890358 -0.64940004 -0.58904963  0.7556715 ].
Reshape your data either using array.reshape(-1, 1) if your data has a single feature or array.reshape(1, -1) if it contains a single sample.

